<?xml version="1.0" encoding="UTF-8"?>
<testng-results total="1" passed="0" failed="1" skipped="0">
  <reporter-output>
  </reporter-output>
  <suite started-at="2022-07-27T10:53:30Z" name="Default suite" finished-at="2022-07-27T10:54:03Z" duration-ms="32393">
    <groups>
      <group name="sanity">
        <method signature="CreateCampaignTest.createCampaignTest()[pri:0, instance:org.vtiger.campaigns.CreateCampaignTest@21ba0741]" name="createCampaignTest" class="org.vtiger.campaigns.CreateCampaignTest"/>
      </group> <!-- sanity -->
    </groups>
    <test started-at="2022-07-27T10:53:30Z" name="Default test" finished-at="2022-07-27T10:54:03Z" duration-ms="32393">
      <class name="org.vtiger.campaigns.CreateCampaignTest">
        <test-method is-config="true" signature="classSetup()[pri:0, instance:org.vtiger.campaigns.CreateCampaignTest@21ba0741]" started-at="2022-07-27T16:23:30Z" name="classSetup" finished-at="2022-07-27T16:23:44Z" duration-ms="13755" status="PASS">
          <reporter-output>
          </reporter-output>
        </test-method> <!-- classSetup -->
        <test-method is-config="true" signature="methodSetUp()[pri:0, instance:org.vtiger.campaigns.CreateCampaignTest@21ba0741]" started-at="2022-07-27T16:23:44Z" name="methodSetUp" finished-at="2022-07-27T16:23:53Z" duration-ms="9455" status="PASS">
          <reporter-output>
          </reporter-output>
        </test-method> <!-- methodSetUp -->
        <test-method signature="createCampaignTest()[pri:0, instance:org.vtiger.campaigns.CreateCampaignTest@21ba0741]" started-at="2022-07-27T16:23:53Z" name="createCampaignTest" finished-at="2022-07-27T16:23:53Z" duration-ms="68" status="FAIL">
          <exception class="java.lang.AssertionError">
            <message>
              <![CDATA[null]]>
            </message>
            <full-stacktrace>
              <![CDATA[java.lang.AssertionError: null
	at org.testng.Assert.fail(Assert.java:94)
	at org.testng.Assert.fail(Assert.java:101)
	at org.vtiger.campaigns.CreateCampaignTest.createCampaignTest(CreateCampaignTest.java:21)
	at java.base/jdk.internal.reflect.NativeMethodAccessorImpl.invoke0(Native Method)
	at java.base/jdk.internal.reflect.NativeMethodAccessorImpl.invoke(NativeMethodAccessorImpl.java:78)
	at java.base/jdk.internal.reflect.DelegatingMethodAccessorImpl.invoke(DelegatingMethodAccessorImpl.java:43)
	at java.base/java.lang.reflect.Method.invoke(Method.java:567)
	at org.testng.internal.MethodInvocationHelper.invokeMethod(MethodInvocationHelper.java:85)
	at org.testng.internal.Invoker.invokeMethod(Invoker.java:639)
	at org.testng.internal.Invoker.invokeTestMethod(Invoker.java:816)
	at org.testng.internal.Invoker.invokeTestMethods(Invoker.java:1124)
	at org.testng.internal.TestMethodWorker.invokeTestMethods(TestMethodWorker.java:125)
	at org.testng.internal.TestMethodWorker.run(TestMethodWorker.java:108)
	at org.testng.TestRunner.privateRun(TestRunner.java:774)
	at org.testng.TestRunner.run(TestRunner.java:624)
	at org.testng.SuiteRunner.runTest(SuiteRunner.java:359)
	at org.testng.SuiteRunner.runSequentially(SuiteRunner.java:354)
	at org.testng.SuiteRunner.privateRun(SuiteRunner.java:312)
	at org.testng.SuiteRunner.run(SuiteRunner.java:261)
	at org.testng.SuiteRunnerWorker.runSuite(SuiteRunnerWorker.java:52)
	at org.testng.SuiteRunnerWorker.run(SuiteRunnerWorker.java:86)
	at org.testng.TestNG.runSuitesSequentially(TestNG.java:1191)
	at org.testng.TestNG.runSuitesLocally(TestNG.java:1116)
	at org.testng.TestNG.run(TestNG.java:1024)
	at org.testng.remote.AbstractRemoteTestNG.run(AbstractRemoteTestNG.java:115)
	at org.testng.remote.RemoteTestNG.initAndRun(RemoteTestNG.java:251)
	at org.testng.remote.RemoteTestNG.main(RemoteTestNG.java:77)
]]>
            </full-stacktrace>
          </exception> <!-- java.lang.AssertionError -->
          <reporter-output>
          </reporter-output>
        </test-method> <!-- createCampaignTest -->
        <test-method is-config="true" signature="methodTearDown()[pri:0, instance:org.vtiger.campaigns.CreateCampaignTest@21ba0741]" started-at="2022-07-27T16:23:54Z" name="methodTearDown" finished-at="2022-07-27T16:24:02Z" duration-ms="8117" status="PASS">
          <reporter-output>
          </reporter-output>
        </test-method> <!-- methodTearDown -->
        <test-method is-config="true" signature="classTearDown()[pri:0, instance:org.vtiger.campaigns.CreateCampaignTest@21ba0741]" started-at="2022-07-27T16:24:02Z" name="classTearDown" finished-at="2022-07-27T16:24:03Z" duration-ms="392" status="PASS">
          <reporter-output>
          </reporter-output>
        </test-method> <!-- classTearDown -->
      </class> <!-- org.vtiger.campaigns.CreateCampaignTest -->
    </test> <!-- Default test -->
  </suite> <!-- Default suite -->
</testng-results>
