<?xml version="1.0" encoding="UTF-8"?>
<!-- Generated by org.testng.reporters.JUnitXMLReporter -->
<testsuite hostname="LAPTOP-8CCMCL84" failures="0" tests="2" name="Test" time="0.056" errors="0" timestamp="27 Jul 2022 10:13:05 GMT">
  <testcase classname="org.vtiger.campaigns.CreateCampaignTest" name="@BeforeClass classSetup" time="0.0">
    <failure type="org.testng.TestNGException" message="
Parameter &amp;apos;browser&amp;apos; is required by @Configuration on method classSetup but has not been marked @Optional or defined
in E:\Eclipse workspace\selenium workspace\SDET36L1-SELENIUMFRAMEWORK\testngcampaign.xml">
      <![CDATA[org.testng.TestNGException: 
Parameter 'browser' is required by @Configuration on method classSetup but has not been marked @Optional or defined
in E:\Eclipse workspace\selenium workspace\SDET36L1-SELENIUMFRAMEWORK\testngcampaign.xml
... Removed 21 stack frames]]>
    </failure>
  </testcase> <!-- @BeforeClass classSetup -->
  <testcase classname="org.vtiger.campaigns.CreateCampaignTest" name="@BeforeMethod methodSetUp" time="0.0">
    <skipped/>
  </testcase> <!-- @BeforeMethod methodSetUp -->
  <testcase classname="org.vtiger.campaigns.CreateCampaignTest" name="@AfterMethod methodTearDown" time="0.0">
    <skipped/>
  </testcase> <!-- @AfterMethod methodTearDown -->
  <testcase classname="org.vtiger.campaigns.CreateCampaignTest" name="@AfterClass classTearDown" time="0.0">
    <skipped/>
  </testcase> <!-- @AfterClass classTearDown -->
  <testcase classname="org.vtiger.campaigns.CreateCampaignWithProductTest" name="@BeforeClass classSetup" time="0.0">
    <skipped/>
  </testcase> <!-- @BeforeClass classSetup -->
  <testcase classname="org.vtiger.campaigns.CreateCampaignWithProductTest" name="@BeforeMethod methodSetUp" time="0.0">
    <skipped/>
  </testcase> <!-- @BeforeMethod methodSetUp -->
  <testcase classname="org.vtiger.campaigns.CreateCampaignWithProductTest" name="@AfterMethod methodTearDown" time="0.0">
    <skipped/>
  </testcase> <!-- @AfterMethod methodTearDown -->
  <testcase classname="org.vtiger.campaigns.CreateCampaignWithProductTest" name="@AfterClass classTearDown" time="0.0">
    <skipped/>
  </testcase> <!-- @AfterClass classTearDown -->
  <testcase classname="org.vtiger.campaigns.CreateCampaignTest" name="createCampaignTest" time="0.008">
    <skipped/>
  </testcase> <!-- createCampaignTest -->
  <testcase classname="org.vtiger.campaigns.CreateCampaignWithProductTest" name="createCampaignWithProductTest" time="0.005">
    <skipped/>
  </testcase> <!-- createCampaignWithProductTest -->
</testsuite> <!-- Test -->
